<?xml version="1.0" encoding="UTF-8"?>
<coverage generated="1788599279941" clover="3.2.0">
  <project timestamp="1788599279941" name="All files">
    <metrics statements="89" coveredstatements="78" conditionals="35" coveredconditionals="27" methods="31" coveredmethods="29" elements="155" coveredelements="134" complexity="0" loc="89" ncloc="89" packages="6" files="7" classes="7"/>
    <package name="src">
      <metrics statements="6" coveredstatements="6" conditionals="0" coveredconditionals="0" methods="3" coveredmethods="3"/>
      <file name="App.tsx" path="C:\Users\Admin\Documents\omni_vidget\OmniNotice-Sigma-Notification-Widget\src\App.tsx">
        <metrics statements="6" coveredstatements="6" conditionals="0" coveredconditionals="0" methods="3" coveredmethods="3"/>
        <line num="8" count="11" type="stmt"/>
        <line num="9" count="11" type="stmt"/>
        <line num="11" count="11" type="stmt"/>
        <line num="12" count="7" type="stmt"/>
        <line num="13" count="7" type="stmt"/>
        <line num="21" count="11" type="stmt"/>
      </file>
    </package>
    <package name="src.NotificationWidget">
      <metrics statements="1" coveredstatements="1" conditionals="0" coveredconditionals="0" methods="0" coveredmethods="0"/>
      <file name="notification.config.ts" path="C:\Users\Admin\Documents\omni_vidget\OmniNotice-Sigma-Notification-Widget\src\NotificationWidget\notification.config.ts">
        <metrics statements="1" coveredstatements="1" conditionals="0" coveredconditionals="0" methods="0" coveredmethods="0"/>
        <line num="1" count="3" type="stmt"/>
      </file>
    </package>
    <package name="src.NotificationWidget.NotificationCard">
      <metrics statements="20" coveredstatements="16" conditionals="9" coveredconditionals="6" methods="6" coveredmethods="5"/>
      <file name="NotificationCard.tsx" path="C:\Users\Admin\Documents\omni_vidget\OmniNotice-Sigma-Notification-Widget\src\NotificationWidget\NotificationCard\NotificationCard.tsx">
        <metrics statements="20" coveredstatements="16" conditionals="9" coveredconditionals="6" methods="6" coveredmethods="5"/>
        <line num="15" count="37" type="stmt"/>
        <line num="16" count="37" type="stmt"/>
        <line num="18" count="37" type="stmt"/>
        <line num="19" count="37" type="stmt"/>
        <line num="21" count="37" type="cond" truecount="2" falsecount="0"/>
        <line num="26" count="37" type="stmt"/>
        <line num="27" count="25" type="stmt"/>
        <line num="28" count="25" type="stmt"/>
        <line num="30" count="25" type="stmt"/>
        <line num="32" count="25" type="stmt"/>
        <line num="37" count="37" type="cond" truecount="1" falsecount="1"/>
        <line num="38" count="37" type="stmt"/>
        <line num="39" count="25" type="stmt"/>
        <line num="40" count="0" type="cond" truecount="0" falsecount="2"/>
        <line num="41" count="0" type="stmt"/>
        <line num="42" count="0" type="stmt"/>
        <line num="43" count="0" type="stmt"/>
        <line num="47" count="25" type="stmt"/>
        <line num="48" count="25" type="stmt"/>
        <line num="52" count="37" type="stmt"/>
      </file>
    </package>
    <package name="src.NotificationWidget.NotificationCardList">
      <metrics statements="54" coveredstatements="49" conditionals="18" coveredconditionals="15" methods="19" coveredmethods="18"/>
      <file name="NotificationCardList.tsx" path="C:\Users\Admin\Documents\omni_vidget\OmniNotice-Sigma-Notification-Widget\src\NotificationWidget\NotificationCardList\NotificationCardList.tsx">
        <metrics statements="54" coveredstatements="49" conditionals="18" coveredconditionals="15" methods="19" coveredmethods="18"/>
        <line num="16" count="2" type="stmt"/>
        <line num="24" count="25" type="stmt"/>
        <line num="25" count="25" type="stmt"/>
        <line num="27" count="25" type="stmt"/>
        <line num="28" count="25" type="stmt"/>
        <line num="33" count="25" type="stmt"/>
        <line num="35" count="25" type="stmt"/>
        <line num="36" count="3" type="cond" truecount="1" falsecount="1"/>
        <line num="37" count="3" type="stmt"/>
        <line num="39" count="3" type="stmt"/>
        <line num="40" count="3" type="stmt"/>
        <line num="41" count="3" type="stmt"/>
        <line num="42" count="3" type="stmt"/>
        <line num="45" count="3" type="stmt"/>
        <line num="46" count="3" type="stmt"/>
        <line num="47" count="6" type="stmt"/>
        <line num="48" count="3" type="stmt"/>
        <line num="49" count="1" type="stmt"/>
        <line num="50" count="1" type="stmt"/>
        <line num="51" count="1" type="stmt"/>
        <line num="56" count="25" type="stmt"/>
        <line num="58" count="18" type="stmt"/>
        <line num="59" count="18" type="stmt"/>
        <line num="62" count="1" type="stmt"/>
        <line num="65" count="18" type="stmt"/>
        <line num="73" count="25" type="stmt"/>
        <line num="74" count="24" type="stmt"/>
        <line num="76" count="23" type="cond" truecount="2" falsecount="0"/>
        <line num="77" count="1" type="stmt"/>
        <line num="78" count="2" type="stmt"/>
        <line num="84" count="25" type="stmt"/>
        <line num="85" count="23" type="stmt"/>
        <line num="86" count="23" type="cond" truecount="2" falsecount="0"/>
        <line num="88" count="12" type="stmt"/>
        <line num="89" count="12" type="stmt"/>
        <line num="93" count="12" type="stmt"/>
        <line num="94" count="24" type="stmt"/>
        <line num="95" count="24" type="stmt"/>
        <line num="98" count="12" type="stmt"/>
        <line num="99" count="24" type="stmt"/>
        <line num="100" count="24" type="stmt"/>
        <line num="101" count="24" type="stmt"/>
        <line num="102" count="24" type="cond" truecount="4" falsecount="0"/>
        <line num="104" count="6" type="stmt"/>
        <line num="105" count="6" type="cond" truecount="1" falsecount="1"/>
        <line num="107" count="0" type="stmt"/>
        <line num="108" count="0" type="stmt"/>
        <line num="110" count="0" type="stmt"/>
        <line num="111" count="0" type="stmt"/>
        <line num="112" count="0" type="stmt"/>
        <line num="116" count="12" type="stmt"/>
        <line num="119" count="25" type="cond" truecount="2" falsecount="0"/>
        <line num="121" count="14" type="stmt"/>
        <line num="129" count="30" type="stmt"/>
      </file>
    </package>
    <package name="src.NotificationWidget.helpers">
      <metrics statements="7" coveredstatements="5" conditionals="8" coveredconditionals="6" methods="2" coveredmethods="2"/>
      <file name="createId.ts" path="C:\Users\Admin\Documents\omni_vidget\OmniNotice-Sigma-Notification-Widget\src\NotificationWidget\helpers\createId.ts">
        <metrics statements="1" coveredstatements="1" conditionals="4" coveredconditionals="3" methods="1" coveredmethods="1"/>
        <line num="2" count="18" type="cond" truecount="3" falsecount="1"/>
      </file>
      <file name="renderIcon.tsx" path="C:\Users\Admin\Documents\omni_vidget\OmniNotice-Sigma-Notification-Widget\src\NotificationWidget\helpers\renderIcon.tsx">
        <metrics statements="6" coveredstatements="4" conditionals="4" coveredconditionals="3" methods="1" coveredmethods="1"/>
        <line num="5" count="37" type="cond" truecount="2" falsecount="0"/>
        <line num="6" count="31" type="stmt"/>
        <line num="10" count="6" type="cond" truecount="1" falsecount="1"/>
        <line num="11" count="0" type="stmt"/>
        <line num="12" count="0" type="stmt"/>
        <line num="16" count="6" type="stmt"/>
      </file>
    </package>
    <package name="src.icons">
      <metrics statements="1" coveredstatements="1" conditionals="0" coveredconditionals="0" methods="1" coveredmethods="1"/>
      <file name="BellRing.tsx" path="C:\Users\Admin\Documents\omni_vidget\OmniNotice-Sigma-Notification-Widget\src\icons\BellRing.tsx">
        <metrics statements="1" coveredstatements="1" conditionals="0" coveredconditionals="0" methods="1" coveredmethods="1"/>
        <line num="2" count="7" type="stmt"/>
      </file>
    </package>
  </project>
</coverage>
