{"C:\\Users\\Admin\\Documents\\omni_vidget\\OmniNotice-Sigma-Notification-Widget\\src\\App.tsx": {"path":"C:\\Users\\Admin\\Documents\\omni_vidget\\OmniNotice-Sigma-Notification-Widget\\src\\App.tsx","statementMap":{"0":{"start":{"line":8,"column":20},"end":{"line":8,"column":60}},"1":{"start":{"line":9,"column":34},"end":{"line":9,"column":45}},"2":{"start":{"line":11,"column":29},"end":{"line":19,"column":5}},"3":{"start":{"line":12,"column":8},"end":{"line":12,"column":null}},"4":{"start":{"line":12,"column":27},"end":{"line":12,"column":33}},"5":{"start":{"line":13,"column":8},"end":{"line":18,"column":11}},"6":{"start":{"line":21,"column":4},"end":{"line":38,"column":6}}},"fnMap":{"0":{"name":"App","decl":{"start":{"line":7,"column":9},"end":{"line":7,"column":12}},"loc":{"start":{"line":7,"column":12},"end":{"line":39,"column":1}}},"1":{"name":"(anonymous_1)","decl":{"start":{"line":11,"column":29},"end":{"line":11,"column":32}},"loc":{"start":{"line":11,"column":34},"end":{"line":19,"column":5}}},"2":{"name":"(anonymous_2)","decl":{"start":{"line":12,"column":19},"end":{"line":12,"column":23}},"loc":{"start":{"line":12,"column":27},"end":{"line":12,"column":33}}}},"branchMap":{},"s":{"0":11,"1":11,"2":11,"3":7,"4":7,"5":7,"6":11},"f":{"0":11,"1":7,"2":7},"b":{}}
,"C:\\Users\\Admin\\Documents\\omni_vidget\\OmniNotice-Sigma-Notification-Widget\\src\\NotificationWidget\\notification.config.ts": {"path":"C:\\Users\\Admin\\Documents\\omni_vidget\\OmniNotice-Sigma-Notification-Widget\\src\\NotificationWidget\\notification.config.ts","statementMap":{"0":{"start":{"line":1,"column":29},"end":{"line":5,"column":null}}},"fnMap":{},"branchMap":{},"s":{"0":3},"f":{},"b":{}}
,"C:\\Users\\Admin\\Documents\\omni_vidget\\OmniNotice-Sigma-Notification-Widget\\src\\NotificationWidget\\NotificationCard\\NotificationCard.tsx": {"path":"C:\\Users\\Admin\\Documents\\omni_vidget\\OmniNotice-Sigma-Notification-Widget\\src\\NotificationWidget\\NotificationCard\\NotificationCard.tsx","statementMap":{"0":{"start":{"line":15,"column":20},"end":{"line":15,"column":27}},"1":{"start":{"line":16,"column":26},"end":{"line":16,"column":33}},"2":{"start":{"line":18,"column":25},"end":{"line":18,"column":53}},"3":{"start":{"line":19,"column":37},"end":{"line":19,"column":69}},"4":{"start":{"line":21,"column":22},"end":{"line":21,"column":55}},"5":{"start":{"line":26,"column":4},"end":{"line":34,"column":11}},"6":{"start":{"line":27,"column":8},"end":{"line":27,"column":81}},"7":{"start":{"line":28,"column":8},"end":{"line":28,"column":38}},"8":{"start":{"line":30,"column":8},"end":{"line":33,"column":10}},"9":{"start":{"line":32,"column":12},"end":{"line":32,"column":56}},"10":{"start":{"line":37,"column":4},"end":{"line":50,"column":5}},"11":{"start":{"line":38,"column":8},"end":{"line":49,"column":22}},"12":{"start":{"line":39,"column":34},"end":{"line":45,"column":13}},"13":{"start":{"line":40,"column":16},"end":{"line":44,"column":17}},"14":{"start":{"line":41,"column":20},"end":{"line":41,"column":43}},"15":{"start":{"line":42,"column":20},"end":{"line":42,"column":30}},"16":{"start":{"line":43,"column":20},"end":{"line":43,"column":27}},"17":{"start":{"line":47,"column":12},"end":{"line":47,"column":64}},"18":{"start":{"line":48,"column":12},"end":{"line":48,"column":80}},"19":{"start":{"line":48,"column":25},"end":{"line":48,"column":79}},"20":{"start":{"line":52,"column":4},"end":{"line":107,"column":6}}},"fnMap":{"0":{"name":"NotificationCard","decl":{"start":{"line":7,"column":24},"end":{"line":7,"column":40}},"loc":{"start":{"line":14,"column":24},"end":{"line":108,"column":1}}},"1":{"name":"(anonymous_1)","decl":{"start":{"line":26,"column":14},"end":{"line":26,"column":17}},"loc":{"start":{"line":26,"column":19},"end":{"line":34,"column":5}}},"2":{"name":"(anonymous_2)","decl":{"start":{"line":30,"column":15},"end":{"line":30,"column":18}},"loc":{"start":{"line":30,"column":20},"end":{"line":33,"column":9}}},"3":{"name":"(anonymous_3)","decl":{"start":{"line":38,"column":18},"end":{"line":38,"column":21}},"loc":{"start":{"line":38,"column":23},"end":{"line":49,"column":9}}},"4":{"name":"(anonymous_4)","decl":{"start":{"line":39,"column":34},"end":{"line":39,"column":35}},"loc":{"start":{"line":39,"column":59},"end":{"line":45,"column":13}}},"5":{"name":"(anonymous_5)","decl":{"start":{"line":48,"column":19},"end":{"line":48,"column":22}},"loc":{"start":{"line":48,"column":25},"end":{"line":48,"column":79}}}},"branchMap":{"0":{"loc":{"start":{"line":11,"column":4},"end":{"line":11,"column":20}},"type":"default-arg","locations":[{"start":{"line":11,"column":17},"end":{"line":11,"column":20}}]},"1":{"loc":{"start":{"line":21,"column":22},"end":{"line":21,"column":55}},"type":"binary-expr","locations":[{"start":{"line":21,"column":22},"end":{"line":21,"column":41}},{"start":{"line":21,"column":45},"end":{"line":21,"column":55}}]},"2":{"loc":{"start":{"line":37,"column":4},"end":{"line":50,"column":5}},"type":"if","locations":[{"start":{"line":37,"column":4},"end":{"line":50,"column":5}},{"start":{},"end":{}}]},"3":{"loc":{"start":{"line":40,"column":16},"end":{"line":44,"column":17}},"type":"if","locations":[{"start":{"line":40,"column":16},"end":{"line":44,"column":17}},{"start":{},"end":{}}]},"4":{"loc":{"start":{"line":72,"column":21},"end":{"line":78,"column":null}},"type":"binary-expr","locations":[{"start":{"line":72,"column":21},"end":{"line":72,"column":30}},{"start":{"line":73,"column":24},"end":{"line":77,"column":null}}]}},"s":{"0":37,"1":37,"2":37,"3":37,"4":37,"5":37,"6":25,"7":25,"8":25,"9":25,"10":37,"11":37,"12":25,"13":0,"14":0,"15":0,"16":0,"17":25,"18":25,"19":25,"20":37},"f":{"0":37,"1":25,"2":25,"3":25,"4":0,"5":25},"b":{"0":[37],"1":[37,37],"2":[37,0],"3":[0,0],"4":[37,37]}}
,"C:\\Users\\Admin\\Documents\\omni_vidget\\OmniNotice-Sigma-Notification-Widget\\src\\NotificationWidget\\NotificationCardList\\NotificationCardList.tsx": {"path":"C:\\Users\\Admin\\Documents\\omni_vidget\\OmniNotice-Sigma-Notification-Widget\\src\\NotificationWidget\\NotificationCardList\\NotificationCardList.tsx","statementMap":{"0":{"start":{"line":16,"column":29},"end":{"line":144,"column":6}},"1":{"start":{"line":24,"column":34},"end":{"line":24,"column":70}},"2":{"start":{"line":25,"column":46},"end":{"line":25,"column":78}},"3":{"start":{"line":27,"column":29},"end":{"line":27,"column":57}},"4":{"start":{"line":28,"column":29},"end":{"line":28,"column":68}},"5":{"start":{"line":33,"column":31},"end":{"line":33,"column":61}},"6":{"start":{"line":35,"column":27},"end":{"line":54,"column":32}},"7":{"start":{"line":36,"column":12},"end":{"line":36,"column":55}},"8":{"start":{"line":36,"column":48},"end":{"line":36,"column":55}},"9":{"start":{"line":37,"column":12},"end":{"line":37,"column":43}},"10":{"start":{"line":39,"column":12},"end":{"line":43,"column":15}},"11":{"start":{"line":40,"column":29},"end":{"line":40,"column":42}},"12":{"start":{"line":41,"column":16},"end":{"line":41,"column":29}},"13":{"start":{"line":42,"column":16},"end":{"line":42,"column":28}},"14":{"start":{"line":45,"column":12},"end":{"line":53,"column":35}},"15":{"start":{"line":46,"column":16},"end":{"line":46,"column":50}},"16":{"start":{"line":47,"column":16},"end":{"line":47,"column":74}},"17":{"start":{"line":47,"column":35},"end":{"line":47,"column":72}},"18":{"start":{"line":47,"column":57},"end":{"line":47,"column":71}},"19":{"start":{"line":48,"column":16},"end":{"line":52,"column":19}},"20":{"start":{"line":49,"column":33},"end":{"line":49,"column":46}},"21":{"start":{"line":50,"column":20},"end":{"line":50,"column":36}},"22":{"start":{"line":51,"column":20},"end":{"line":51,"column":32}},"23":{"start":{"line":56,"column":8},"end":{"line":68,"column":26}},"24":{"start":{"line":56,"column":40},"end":{"line":68,"column":10}},"25":{"start":{"line":58,"column":27},"end":{"line":58,"column":37}},"26":{"start":{"line":59,"column":54},"end":{"line":63,"column":18}},"27":{"start":{"line":62,"column":35},"end":{"line":62,"column":49}},"28":{"start":{"line":65,"column":16},"end":{"line":65,"column":55}},"29":{"start":{"line":65,"column":35},"end":{"line":65,"column":53}},"30":{"start":{"line":73,"column":8},"end":{"line":80,"column":44}},"31":{"start":{"line":74,"column":32},"end":{"line":74,"column":92}},"32":{"start":{"line":74,"column":55},"end":{"line":74,"column":91}},"33":{"start":{"line":76,"column":12},"end":{"line":79,"column":13}},"34":{"start":{"line":77,"column":31},"end":{"line":77,"column":60}},"35":{"start":{"line":78,"column":16},"end":{"line":78,"column":62}},"36":{"start":{"line":78,"column":41},"end":{"line":78,"column":60}},"37":{"start":{"line":84,"column":8},"end":{"line":117,"column":20}},"38":{"start":{"line":85,"column":30},"end":{"line":85,"column":50}},"39":{"start":{"line":86,"column":12},"end":{"line":86,"column":35}},"40":{"start":{"line":86,"column":28},"end":{"line":86,"column":35}},"41":{"start":{"line":88,"column":33},"end":{"line":88,"column":59}},"42":{"start":{"line":89,"column":29},"end":{"line":90,"column":null}},"43":{"start":{"line":93,"column":12},"end":{"line":96,"column":15}},"44":{"start":{"line":94,"column":27},"end":{"line":94,"column":65}},"45":{"start":{"line":95,"column":16},"end":{"line":95,"column":68}},"46":{"start":{"line":98,"column":12},"end":{"line":114,"column":15}},"47":{"start":{"line":99,"column":27},"end":{"line":99,"column":65}},"48":{"start":{"line":100,"column":32},"end":{"line":100,"column":60}},"49":{"start":{"line":101,"column":32},"end":{"line":101,"column":52}},"50":{"start":{"line":102,"column":16},"end":{"line":102,"column":49}},"51":{"start":{"line":102,"column":42},"end":{"line":102,"column":49}},"52":{"start":{"line":104,"column":31},"end":{"line":104,"column":56}},"53":{"start":{"line":105,"column":16},"end":{"line":105,"column":41}},"54":{"start":{"line":105,"column":34},"end":{"line":105,"column":41}},"55":{"start":{"line":107,"column":16},"end":{"line":107,"column":48}},"56":{"start":{"line":108,"column":16},"end":{"line":108,"column":66}},"57":{"start":{"line":110,"column":16},"end":{"line":113,"column":19}},"58":{"start":{"line":111,"column":20},"end":{"line":111,"column":48}},"59":{"start":{"line":112,"column":20},"end":{"line":112,"column":47}},"60":{"start":{"line":116,"column":12},"end":{"line":116,"column":48}},"61":{"start":{"line":119,"column":8},"end":{"line":119,"column":44}},"62":{"start":{"line":119,"column":32},"end":{"line":119,"column":44}},"63":{"start":{"line":121,"column":8},"end":{"line":143,"column":10}},"64":{"start":{"line":129,"column":20},"end":{"line":130,"column":null}}},"fnMap":{"0":{"name":"NotificationCardList","decl":{"start":{"line":17,"column":14},"end":{"line":17,"column":34}},"loc":{"start":{"line":22,"column":11},"end":{"line":144,"column":5}}},"1":{"name":"(anonymous_1)","decl":{"start":{"line":35,"column":39},"end":{"line":35,"column":40}},"loc":{"start":{"line":35,"column":54},"end":{"line":54,"column":9}}},"2":{"name":"(anonymous_2)","decl":{"start":{"line":39,"column":27},"end":{"line":39,"column":28}},"loc":{"start":{"line":39,"column":36},"end":{"line":43,"column":13}}},"3":{"name":"(anonymous_3)","decl":{"start":{"line":45,"column":30},"end":{"line":45,"column":33}},"loc":{"start":{"line":45,"column":35},"end":{"line":53,"column":13}}},"4":{"name":"(anonymous_4)","decl":{"start":{"line":47,"column":25},"end":{"line":47,"column":26}},"loc":{"start":{"line":47,"column":35},"end":{"line":47,"column":72}}},"5":{"name":"(anonymous_5)","decl":{"start":{"line":47,"column":47},"end":{"line":47,"column":48}},"loc":{"start":{"line":47,"column":57},"end":{"line":47,"column":71}}},"6":{"name":"(anonymous_6)","decl":{"start":{"line":48,"column":31},"end":{"line":48,"column":32}},"loc":{"start":{"line":48,"column":40},"end":{"line":52,"column":17}}},"7":{"name":"(anonymous_7)","decl":{"start":{"line":56,"column":33},"end":{"line":56,"column":36}},"loc":{"start":{"line":56,"column":40},"end":{"line":68,"column":10}}},"8":{"name":"(anonymous_8)","decl":{"start":{"line":57,"column":17},"end":{"line":57,"column":18}},"loc":{"start":{"line":57,"column":34},"end":{"line":66,"column":13}}},"9":{"name":"(anonymous_9)","decl":{"start":{"line":62,"column":29},"end":{"line":62,"column":32}},"loc":{"start":{"line":62,"column":35},"end":{"line":62,"column":49}}},"10":{"name":"(anonymous_10)","decl":{"start":{"line":65,"column":25},"end":{"line":65,"column":26}},"loc":{"start":{"line":65,"column":35},"end":{"line":65,"column":53}}},"11":{"name":"(anonymous_11)","decl":{"start":{"line":73,"column":18},"end":{"line":73,"column":21}},"loc":{"start":{"line":73,"column":23},"end":{"line":80,"column":9}}},"12":{"name":"(anonymous_12)","decl":{"start":{"line":74,"column":45},"end":{"line":74,"column":46}},"loc":{"start":{"line":74,"column":55},"end":{"line":74,"column":91}}},"13":{"name":"(anonymous_13)","decl":{"start":{"line":78,"column":31},"end":{"line":78,"column":32}},"loc":{"start":{"line":78,"column":41},"end":{"line":78,"column":60}}},"14":{"name":"(anonymous_14)","decl":{"start":{"line":84,"column":24},"end":{"line":84,"column":27}},"loc":{"start":{"line":84,"column":29},"end":{"line":117,"column":9}}},"15":{"name":"(anonymous_15)","decl":{"start":{"line":93,"column":29},"end":{"line":93,"column":30}},"loc":{"start":{"line":93,"column":39},"end":{"line":96,"column":13}}},"16":{"name":"(anonymous_16)","decl":{"start":{"line":98,"column":29},"end":{"line":98,"column":30}},"loc":{"start":{"line":98,"column":39},"end":{"line":114,"column":13}}},"17":{"name":"(anonymous_17)","decl":{"start":{"line":110,"column":38},"end":{"line":110,"column":41}},"loc":{"start":{"line":110,"column":43},"end":{"line":113,"column":17}}},"18":{"name":"(anonymous_18)","decl":{"start":{"line":128,"column":27},"end":{"line":128,"column":28}},"loc":{"start":{"line":129,"column":20},"end":{"line":130,"column":null}}}},"branchMap":{"0":{"loc":{"start":{"line":19,"column":12},"end":{"line":19,"column":56}},"type":"default-arg","locations":[{"start":{"line":19,"column":25},"end":{"line":19,"column":56}}]},"1":{"loc":{"start":{"line":20,"column":12},"end":{"line":20,"column":72}},"type":"default-arg","locations":[{"start":{"line":20,"column":33},"end":{"line":20,"column":72}}]},"2":{"loc":{"start":{"line":36,"column":12},"end":{"line":36,"column":55}},"type":"if","locations":[{"start":{"line":36,"column":12},"end":{"line":36,"column":55}},{"start":{},"end":{}}]},"3":{"loc":{"start":{"line":76,"column":12},"end":{"line":79,"column":13}},"type":"if","locations":[{"start":{"line":76,"column":12},"end":{"line":79,"column":13}},{"start":{},"end":{}}]},"4":{"loc":{"start":{"line":86,"column":12},"end":{"line":86,"column":35}},"type":"if","locations":[{"start":{"line":86,"column":12},"end":{"line":86,"column":35}},{"start":{},"end":{}}]},"5":{"loc":{"start":{"line":102,"column":16},"end":{"line":102,"column":49}},"type":"if","locations":[{"start":{"line":102,"column":16},"end":{"line":102,"column":49}},{"start":{},"end":{}}]},"6":{"loc":{"start":{"line":102,"column":20},"end":{"line":102,"column":40}},"type":"binary-expr","locations":[{"start":{"line":102,"column":20},"end":{"line":102,"column":28}},{"start":{"line":102,"column":32},"end":{"line":102,"column":40}}]},"7":{"loc":{"start":{"line":105,"column":16},"end":{"line":105,"column":41}},"type":"if","locations":[{"start":{"line":105,"column":16},"end":{"line":105,"column":41}},{"start":{},"end":{}}]},"8":{"loc":{"start":{"line":119,"column":8},"end":{"line":119,"column":44}},"type":"if","locations":[{"start":{"line":119,"column":8},"end":{"line":119,"column":44}},{"start":{},"end":{}}]},"9":{"loc":{"start":{"line":134,"column":29},"end":{"line":136,"column":36}},"type":"cond-expr","locations":[{"start":{"line":135,"column":34},"end":{"line":135,"column":75}},{"start":{"line":136,"column":34},"end":{"line":136,"column":36}}]}},"s":{"0":2,"1":25,"2":25,"3":25,"4":25,"5":25,"6":25,"7":3,"8":0,"9":3,"10":3,"11":3,"12":3,"13":3,"14":3,"15":3,"16":3,"17":2,"18":6,"19":3,"20":1,"21":1,"22":1,"23":25,"24":9,"25":18,"26":18,"27":1,"28":18,"29":18,"30":25,"31":23,"32":24,"33":23,"34":1,"35":1,"36":2,"37":25,"38":23,"39":23,"40":11,"41":12,"42":12,"43":12,"44":24,"45":24,"46":12,"47":24,"48":24,"49":24,"50":24,"51":18,"52":6,"53":6,"54":6,"55":0,"56":0,"57":0,"58":0,"59":0,"60":12,"61":25,"62":11,"63":14,"64":30},"f":{"0":25,"1":3,"2":3,"3":3,"4":2,"5":6,"6":1,"7":9,"8":18,"9":1,"10":18,"11":23,"12":24,"13":2,"14":23,"15":24,"16":24,"17":0,"18":30},"b":{"0":[0],"1":[25],"2":[0,3],"3":[1,22],"4":[11,12],"5":[18,6],"6":[24,6],"7":[6,0],"8":[11,14],"9":[3,27]}}
,"C:\\Users\\Admin\\Documents\\omni_vidget\\OmniNotice-Sigma-Notification-Widget\\src\\NotificationWidget\\helpers\\createId.ts": {"path":"C:\\Users\\Admin\\Documents\\omni_vidget\\OmniNotice-Sigma-Notification-Widget\\src\\NotificationWidget\\helpers\\createId.ts","statementMap":{"0":{"start":{"line":2,"column":4},"end":{"line":4,"column":65}}},"fnMap":{"0":{"name":"createId","decl":{"start":{"line":1,"column":16},"end":{"line":1,"column":24}},"loc":{"start":{"line":1,"column":24},"end":{"line":5,"column":1}}}},"branchMap":{"0":{"loc":{"start":{"line":2,"column":11},"end":{"line":4,"column":64}},"type":"cond-expr","locations":[{"start":{"line":3,"column":10},"end":{"line":3,"column":29}},{"start":{"line":4,"column":10},"end":{"line":4,"column":64}}]},"1":{"loc":{"start":{"line":2,"column":11},"end":{"line":2,"column":66}},"type":"binary-expr","locations":[{"start":{"line":2,"column":11},"end":{"line":2,"column":40}},{"start":{"line":2,"column":44},"end":{"line":2,"column":66}}]}},"s":{"0":18},"f":{"0":18},"b":{"0":[18,0],"1":[18,18]}}
,"C:\\Users\\Admin\\Documents\\omni_vidget\\OmniNotice-Sigma-Notification-Widget\\src\\NotificationWidget\\helpers\\renderIcon.tsx": {"path":"C:\\Users\\Admin\\Documents\\omni_vidget\\OmniNotice-Sigma-Notification-Widget\\src\\NotificationWidget\\helpers\\renderIcon.tsx","statementMap":{"0":{"start":{"line":5,"column":4},"end":{"line":7,"column":5}},"1":{"start":{"line":6,"column":8},"end":{"line":6,"column":20}},"2":{"start":{"line":10,"column":4},"end":{"line":13,"column":5}},"3":{"start":{"line":11,"column":30},"end":{"line":11,"column":51}},"4":{"start":{"line":12,"column":8},"end":{"line":12,"column":33}},"5":{"start":{"line":16,"column":4},"end":{"line":16,"column":29}}},"fnMap":{"0":{"name":"renderIcon","decl":{"start":{"line":3,"column":16},"end":{"line":3,"column":26}},"loc":{"start":{"line":3,"column":58},"end":{"line":17,"column":1}}}},"branchMap":{"0":{"loc":{"start":{"line":5,"column":4},"end":{"line":7,"column":5}},"type":"if","locations":[{"start":{"line":5,"column":4},"end":{"line":7,"column":5}},{"start":{},"end":{}}]},"1":{"loc":{"start":{"line":10,"column":4},"end":{"line":13,"column":5}},"type":"if","locations":[{"start":{"line":10,"column":4},"end":{"line":13,"column":5}},{"start":{},"end":{}}]}},"s":{"0":37,"1":31,"2":6,"3":0,"4":0,"5":6},"f":{"0":37},"b":{"0":[31,6],"1":[0,6]}}
,"C:\\Users\\Admin\\Documents\\omni_vidget\\OmniNotice-Sigma-Notification-Widget\\src\\icons\\BellRing.tsx": {"path":"C:\\Users\\Admin\\Documents\\omni_vidget\\OmniNotice-Sigma-Notification-Widget\\src\\icons\\BellRing.tsx","statementMap":{"0":{"start":{"line":2,"column":4},"end":{"line":14,"column":6}}},"fnMap":{"0":{"name":"BellRing","decl":{"start":{"line":1,"column":24},"end":{"line":1,"column":32}},"loc":{"start":{"line":1,"column":32},"end":{"line":15,"column":1}}}},"branchMap":{},"s":{"0":7},"f":{"0":7},"b":{}}
}
