TN:
SF:src\App.tsx
FN:7,App
FN:11,(anonymous_1)
FN:12,(anonymous_2)
FNF:3
FNH:3
FNDA:11,App
FNDA:7,(anonymous_1)
FNDA:7,(anonymous_2)
DA:8,11
DA:9,11
DA:11,11
DA:12,7
DA:13,7
DA:21,11
LF:6
LH:6
BRF:0
BRH:0
end_of_record
TN:
SF:src\NotificationWidget\notification.config.ts
FNF:0
FNH:0
DA:1,3
LF:1
LH:1
BRF:0
BRH:0
end_of_record
TN:
SF:src\NotificationWidget\NotificationCard\NotificationCard.tsx
FN:7,NotificationCard
FN:26,(anonymous_1)
FN:30,(anonymous_2)
FN:38,(anonymous_3)
FN:39,(anonymous_4)
FN:48,(anonymous_5)
FNF:6
FNH:5
FNDA:37,NotificationCard
FNDA:25,(anonymous_1)
FNDA:25,(anonymous_2)
FNDA:25,(anonymous_3)
FNDA:0,(anonymous_4)
FNDA:25,(anonymous_5)
DA:15,37
DA:16,37
DA:18,37
DA:19,37
DA:21,37
DA:26,37
DA:27,25
DA:28,25
DA:30,25
DA:32,25
DA:37,37
DA:38,37
DA:39,25
DA:40,0
DA:41,0
DA:42,0
DA:43,0
DA:47,25
DA:48,25
DA:52,37
LF:20
LH:16
BRDA:11,0,0,37
BRDA:21,1,0,37
BRDA:21,1,1,37
BRDA:37,2,0,37
BRDA:37,2,1,0
BRDA:40,3,0,0
BRDA:40,3,1,0
BRDA:72,4,0,37
BRDA:72,4,1,37
BRF:9
BRH:6
end_of_record
TN:
SF:src\NotificationWidget\NotificationCardList\NotificationCardList.tsx
FN:17,NotificationCardList
FN:35,(anonymous_1)
FN:39,(anonymous_2)
FN:45,(anonymous_3)
FN:47,(anonymous_4)
FN:47,(anonymous_5)
FN:48,(anonymous_6)
FN:56,(anonymous_7)
FN:57,(anonymous_8)
FN:62,(anonymous_9)
FN:65,(anonymous_10)
FN:73,(anonymous_11)
FN:74,(anonymous_12)
FN:78,(anonymous_13)
FN:84,(anonymous_14)
FN:93,(anonymous_15)
FN:98,(anonymous_16)
FN:110,(anonymous_17)
FN:128,(anonymous_18)
FNF:19
FNH:18
FNDA:25,NotificationCardList
FNDA:3,(anonymous_1)
FNDA:3,(anonymous_2)
FNDA:3,(anonymous_3)
FNDA:2,(anonymous_4)
FNDA:6,(anonymous_5)
FNDA:1,(anonymous_6)
FNDA:9,(anonymous_7)
FNDA:18,(anonymous_8)
FNDA:1,(anonymous_9)
FNDA:18,(anonymous_10)
FNDA:23,(anonymous_11)
FNDA:24,(anonymous_12)
FNDA:2,(anonymous_13)
FNDA:23,(anonymous_14)
FNDA:24,(anonymous_15)
FNDA:24,(anonymous_16)
FNDA:0,(anonymous_17)
FNDA:30,(anonymous_18)
DA:16,2
DA:24,25
DA:25,25
DA:27,25
DA:28,25
DA:33,25
DA:35,25
DA:36,3
DA:37,3
DA:39,3
DA:40,3
DA:41,3
DA:42,3
DA:45,3
DA:46,3
DA:47,6
DA:48,3
DA:49,1
DA:50,1
DA:51,1
DA:56,25
DA:58,18
DA:59,18
DA:62,1
DA:65,18
DA:73,25
DA:74,24
DA:76,23
DA:77,1
DA:78,2
DA:84,25
DA:85,23
DA:86,23
DA:88,12
DA:89,12
DA:93,12
DA:94,24
DA:95,24
DA:98,12
DA:99,24
DA:100,24
DA:101,24
DA:102,24
DA:104,6
DA:105,6
DA:107,0
DA:108,0
DA:110,0
DA:111,0
DA:112,0
DA:116,12
DA:119,25
DA:121,14
DA:129,30
LF:54
LH:49
BRDA:19,0,0,0
BRDA:20,1,0,25
BRDA:36,2,0,0
BRDA:36,2,1,3
BRDA:76,3,0,1
BRDA:76,3,1,22
BRDA:86,4,0,11
BRDA:86,4,1,12
BRDA:102,5,0,18
BRDA:102,5,1,6
BRDA:102,6,0,24
BRDA:102,6,1,6
BRDA:105,7,0,6
BRDA:105,7,1,0
BRDA:119,8,0,11
BRDA:119,8,1,14
BRDA:134,9,0,3
BRDA:134,9,1,27
BRF:18
BRH:15
end_of_record
TN:
SF:src\NotificationWidget\helpers\createId.ts
FN:1,createId
FNF:1
FNH:1
FNDA:18,createId
DA:2,18
LF:1
LH:1
BRDA:2,0,0,18
BRDA:2,0,1,0
BRDA:2,1,0,18
BRDA:2,1,1,18
BRF:4
BRH:3
end_of_record
TN:
SF:src\NotificationWidget\helpers\renderIcon.tsx
FN:3,renderIcon
FNF:1
FNH:1
FNDA:37,renderIcon
DA:5,37
DA:6,31
DA:10,6
DA:11,0
DA:12,0
DA:16,6
LF:6
LH:4
BRDA:5,0,0,31
BRDA:5,0,1,6
BRDA:10,1,0,0
BRDA:10,1,1,6
BRF:4
BRH:3
end_of_record
TN:
SF:src\icons\BellRing.tsx
FN:1,BellRing
FNF:1
FNH:1
FNDA:7,BellRing
DA:2,7
LF:1
LH:1
BRF:0
BRH:0
end_of_record
